2022-08-18 17:10:31.275  INFO [http-service2,,] 64631 --- [main] com.example.HttpService2Application      : Starting HttpService2Application using Java 15.0.2 on C02G502KMD6V with PID 64631 (/Users/puneet.dewan/Code/zendesk/distributed-tracing-demo/otel-http/httpservice2/target/classes started by puneet.dewan in /Users/puneet.dewan/Code/zendesk/distributed-tracing-demo/otel-http)
2022-08-18 17:10:31.279  INFO [http-service2,,] 64631 --- [main] com.example.HttpService2Application      : No active profile set, falling back to default profiles: default
2022-08-18 17:10:32.093  INFO [http-service2,,] 64631 --- [main] o.s.cloud.context.scope.GenericScope     : BeanFactory id=57a3be04-2b8a-3cef-aa5f-f6f335b5a8ce
2022-08-18 17:10:32.716  INFO [http-service2,,] 64631 --- [main] o.s.b.w.embedded.tomcat.TomcatWebServer  : Tomcat initialized with port(s): 8085 (http)
2022-08-18 17:10:32.726  INFO [http-service2,,] 64631 --- [main] o.apache.catalina.core.StandardService   : Starting service [Tomcat]
2022-08-18 17:10:32.726  INFO [http-service2,,] 64631 --- [main] org.apache.catalina.core.StandardEngine  : Starting Servlet engine: [Apache Tomcat/9.0.54]
2022-08-18 17:10:32.847  INFO [http-service2,,] 64631 --- [main] o.a.c.c.C.[Tomcat].[localhost].[/]       : Initializing Spring embedded WebApplicationContext
2022-08-18 17:10:32.848  INFO [http-service2,,] 64631 --- [main] w.s.c.ServletWebServerApplicationContext : Root WebApplicationContext: initialization completed in 1515 ms
2022-08-18 17:10:33.265 DEBUG [http-service2,,] 64631 --- [main] o.s.c.s.o.p.CompositeTextMapPropagator   : Registered the following context propagation types [CUSTOM, B3, OT_TRACER, AWS, W3C, JAEGER]
2022-08-18 17:10:34.095  INFO [http-service2,,] 64631 --- [main] o.s.b.w.embedded.tomcat.TomcatWebServer  : Tomcat started on port(s): 8085 (http) with context path ''
2022-08-18 17:10:34.108 DEBUG [http-service2,,] 64631 --- [main] o.s.c.s.internal.SleuthContextListener   : Context refreshed or closed [org.springframework.context.event.ContextRefreshedEvent[source=org.springframework.boot.web.servlet.context.AnnotationConfigServletWebServerApplicationContext@7642df8f, started on Thu Aug 18 17:10:31 SGT 2022]]
2022-08-18 17:10:34.111  INFO [http-service2,,] 64631 --- [main] com.example.HttpService2Application      : Started HttpService2Application in 3.333 seconds (JVM running for 3.99)
2022-08-18 17:10:41.329  INFO [http-service2,,] 64631 --- [http-nio-8085-exec-1] o.a.c.c.C.[Tomcat].[localhost].[/]       : Initializing Spring DispatcherServlet 'dispatcherServlet'
2022-08-18 17:10:41.330  INFO [http-service2,,] 64631 --- [http-nio-8085-exec-1] o.s.web.servlet.DispatcherServlet        : Initializing Servlet 'dispatcherServlet'
2022-08-18 17:10:41.331  INFO [http-service2,,] 64631 --- [http-nio-8085-exec-1] o.s.web.servlet.DispatcherServlet        : Completed initialization in 1 ms
2022-08-18 17:10:41.339 DEBUG [http-service2,,] 64631 --- [http-nio-8085-exec-1] o.s.c.s.o.p.BaggageTextMapPropagator     : Will propagate new baggage context for entries {}
2022-08-18 17:10:41.341 DEBUG [http-service2,,] 64631 --- [http-nio-8085-exec-1] t.p.B3PropagatorExtractorMultipleHeaders : Invalid TraceId in B3 header: null'. Returning INVALID span context.
2022-08-18 17:10:41.353 DEBUG [http-service2,,] 64631 --- [http-nio-8085-exec-1] i.o.sdk.internal.JavaVersionSpecific     : Using the APIs optimized for: Java 9+
2022-08-18 17:10:41.399 DEBUG [http-service2,8a508ce5e0881745230705655b633913,92f35c6aa11ca08c] 64631 --- [http-nio-8085-exec-1] .w.m.TracingClientHttpRequestInterceptor : Wrapping an outbound http call with span [RecordEventsReadableSpan{traceId=8a508ce5e0881745230705655b633913, spanId=fa4746e89bd314df, parentSpanContext=ImmutableSpanContext{traceId=8a508ce5e0881745230705655b633913, spanId=92f35c6aa11ca08c, traceFlags=01, traceState=ArrayBasedTraceState{entries=[]}, remote=false, valid=true}, name=HTTP GET, kind=CLIENT, attributes=AttributesMap{data={http.method=GET, http.url=http://whatthecommit.com/index.txt, http.route=/index.txt, http.flavor=1.1, net.transport=ip_tcp, net.peer.name=whatthecommit.com, net.peer.port=0}, capacity=128, totalAddedValues=7}, status=ImmutableStatusData{statusCode=UNSET, description=}, totalRecordedEvents=0, totalRecordedLinks=0, startEpochNanos=1660813841395864187, endEpochNanos=0}]
2022-08-18 17:10:41.894 DEBUG [http-service2,8a508ce5e0881745230705655b633913,92f35c6aa11ca08c] 64631 --- [http-nio-8085-exec-1] o.s.c.s.o.bridge.OtelHttpClientHandler   : There was no error, will finish span [RecordEventsReadableSpan{traceId=8a508ce5e0881745230705655b633913, spanId=fa4746e89bd314df, parentSpanContext=ImmutableSpanContext{traceId=8a508ce5e0881745230705655b633913, spanId=92f35c6aa11ca08c, traceFlags=01, traceState=ArrayBasedTraceState{entries=[]}, remote=false, valid=true}, name=HTTP GET, kind=CLIENT, attributes=AttributesMap{data={http.method=GET, http.url=http://whatthecommit.com/index.txt, http.route=/index.txt, http.flavor=1.1, net.transport=ip_tcp, net.peer.name=whatthecommit.com, net.peer.port=0}, capacity=128, totalAddedValues=7}, status=ImmutableStatusData{statusCode=UNSET, description=}, totalRecordedEvents=0, totalRecordedLinks=0, startEpochNanos=1660813841395864187, endEpochNanos=0}] in a standard way
2022-08-18 17:10:41.896  INFO [http-service2,8a508ce5e0881745230705655b633913,92f35c6aa11ca08c] 64631 --- [http-nio-8085-exec-1] com.example.HomeController               : Friday 5pm

2022-08-18 17:10:43.423 ERROR [http-service2,,] 64631 --- [grpc-default-executor-1] i.o.e.o.i.grpc.DefaultGrpcExporter       : Failed to export spans. Server is UNAVAILABLE. Make sure your collector is running and reachable from this network. Full error message:UNAVAILABLE: io exception
2022-08-18 17:10:43.424 DEBUG [http-service2,,] 64631 --- [BatchSpanProcessor_WorkerThread-1] i.o.s.t.e.BatchSpanProcessor$Worker      : Exporter failed
2022-08-18 17:10:44.038 DEBUG [http-service2,,] 64631 --- [http-nio-8085-exec-2] o.s.c.s.o.p.BaggageTextMapPropagator     : Will propagate new baggage context for entries {}
2022-08-18 17:10:44.039 DEBUG [http-service2,,] 64631 --- [http-nio-8085-exec-2] t.p.B3PropagatorExtractorMultipleHeaders : Invalid TraceId in B3 header: null'. Returning INVALID span context.
2022-08-18 17:10:44.041 DEBUG [http-service2,7bea4c0a0c86dc6d8cfa5ece946bdc6f,c15e5ac604b1d121] 64631 --- [http-nio-8085-exec-2] .w.m.TracingClientHttpRequestInterceptor : Wrapping an outbound http call with span [RecordEventsReadableSpan{traceId=7bea4c0a0c86dc6d8cfa5ece946bdc6f, spanId=9fff2658eb3a7e0c, parentSpanContext=ImmutableSpanContext{traceId=7bea4c0a0c86dc6d8cfa5ece946bdc6f, spanId=c15e5ac604b1d121, traceFlags=01, traceState=ArrayBasedTraceState{entries=[]}, remote=false, valid=true}, name=HTTP GET, kind=CLIENT, attributes=AttributesMap{data={http.method=GET, http.url=http://whatthecommit.com/index.txt, http.route=/index.txt, http.flavor=1.1, net.transport=ip_tcp, net.peer.name=whatthecommit.com, net.peer.port=0}, capacity=128, totalAddedValues=7}, status=ImmutableStatusData{statusCode=UNSET, description=}, totalRecordedEvents=0, totalRecordedLinks=0, startEpochNanos=1660813844041040406, endEpochNanos=0}]
2022-08-18 17:10:44.278 DEBUG [http-service2,7bea4c0a0c86dc6d8cfa5ece946bdc6f,c15e5ac604b1d121] 64631 --- [http-nio-8085-exec-2] o.s.c.s.o.bridge.OtelHttpClientHandler   : There was no error, will finish span [RecordEventsReadableSpan{traceId=7bea4c0a0c86dc6d8cfa5ece946bdc6f, spanId=9fff2658eb3a7e0c, parentSpanContext=ImmutableSpanContext{traceId=7bea4c0a0c86dc6d8cfa5ece946bdc6f, spanId=c15e5ac604b1d121, traceFlags=01, traceState=ArrayBasedTraceState{entries=[]}, remote=false, valid=true}, name=HTTP GET, kind=CLIENT, attributes=AttributesMap{data={http.method=GET, http.url=http://whatthecommit.com/index.txt, http.route=/index.txt, http.flavor=1.1, net.transport=ip_tcp, net.peer.name=whatthecommit.com, net.peer.port=0}, capacity=128, totalAddedValues=7}, status=ImmutableStatusData{statusCode=UNSET, description=}, totalRecordedEvents=0, totalRecordedLinks=0, startEpochNanos=1660813844041040406, endEpochNanos=0}] in a standard way
2022-08-18 17:10:44.278  INFO [http-service2,7bea4c0a0c86dc6d8cfa5ece946bdc6f,c15e5ac604b1d121] 64631 --- [http-nio-8085-exec-2] com.example.HomeController               : Committed some changes

2022-08-18 17:10:48.428 ERROR [http-service2,,] 64631 --- [BatchSpanProcessor_WorkerThread-1] i.o.e.o.i.grpc.DefaultGrpcExporter       : Failed to export spans. Server is UNAVAILABLE. Make sure your collector is running and reachable from this network. Full error message:UNAVAILABLE: io exception
2022-08-18 17:10:48.428 DEBUG [http-service2,,] 64631 --- [BatchSpanProcessor_WorkerThread-1] i.o.s.t.e.BatchSpanProcessor$Worker      : Exporter failed
